<?xml version="1.0" encoding="UTF-8"?>
<robot generator="Robot 3.2.2 (Python 3.11.1 on win32)" generated="20230307 13:33:02.497" rpa="false">
<suite id="s1" name="testLogin" source="C:\Users\lffintech-010\Desktop\eclipse_2022\Workspace_2022\EXIM1\TestCase\testLogin.robot">
<kw name="Log" library="BuiltIn" type="setup">
<doc>Logs the given message with the given level.</doc>
<arguments>
<arg>EXIM1 Project</arg>
</arguments>
<msg timestamp="20230307 13:33:02.709" level="INFO">EXIM1 Project</msg>
<status status="PASS" starttime="20230307 13:33:02.709" endtime="20230307 13:33:02.709"></status>
</kw>
<test id="s1-t1" name="My1stTest">
<kw name="Log" library="BuiltIn" type="setup">
<doc>Logs the given message with the given level.</doc>
<arguments>
<arg>Test Setup</arg>
</arguments>
<msg timestamp="20230307 13:33:02.710" level="INFO">Test Setup</msg>
<status status="PASS" starttime="20230307 13:33:02.710" endtime="20230307 13:33:02.710"></status>
</kw>
<kw name="Log" library="BuiltIn">
<doc>Logs the given message with the given level.</doc>
<arguments>
<arg>1st Test</arg>
</arguments>
<msg timestamp="20230307 13:33:02.710" level="INFO">1st Test</msg>
<status status="PASS" starttime="20230307 13:33:02.710" endtime="20230307 13:33:02.710"></status>
</kw>
<kw name="Log" library="BuiltIn" type="teardown">
<doc>Logs the given message with the given level.</doc>
<arguments>
<arg>Test Teardown</arg>
</arguments>
<msg timestamp="20230307 13:33:02.711" level="INFO">Test Teardown</msg>
<status status="PASS" starttime="20230307 13:33:02.711" endtime="20230307 13:33:02.711"></status>
</kw>
<tags>
<tag>smoke</tag>
</tags>
<status status="PASS" starttime="20230307 13:33:02.710" endtime="20230307 13:33:02.711" critical="yes"></status>
</test>
<test id="s1-t2" name="My2ndTest">
<kw name="Log" library="BuiltIn" type="setup">
<doc>Logs the given message with the given level.</doc>
<arguments>
<arg>Test Setup</arg>
</arguments>
<msg timestamp="20230307 13:33:02.714" level="INFO">Test Setup</msg>
<status status="PASS" starttime="20230307 13:33:02.714" endtime="20230307 13:33:02.714"></status>
</kw>
<kw name="Log" library="BuiltIn">
<doc>Logs the given message with the given level.</doc>
<arguments>
<arg>2nd Test</arg>
</arguments>
<msg timestamp="20230307 13:33:02.714" level="INFO">2nd Test</msg>
<status status="PASS" starttime="20230307 13:33:02.714" endtime="20230307 13:33:02.714"></status>
</kw>
<kw name="Set Tags" library="BuiltIn">
<doc>Adds given ``tags`` for the current test or all tests in a suite.</doc>
<arguments>
<arg>regression1</arg>
</arguments>
<msg timestamp="20230307 13:33:02.714" level="INFO">Set tag 'regression1'.</msg>
<status status="PASS" starttime="20230307 13:33:02.714" endtime="20230307 13:33:02.714"></status>
</kw>
<kw name="Remove Tags" library="BuiltIn">
<doc>Removes given ``tags`` from the current test or all tests in a suite.</doc>
<arguments>
<arg>regression1</arg>
</arguments>
<msg timestamp="20230307 13:33:02.715" level="INFO">Removed tag 'regression1'.</msg>
<status status="PASS" starttime="20230307 13:33:02.714" endtime="20230307 13:33:02.715"></status>
</kw>
<kw name="Log" library="BuiltIn" type="teardown">
<doc>Logs the given message with the given level.</doc>
<arguments>
<arg>Test Teardown</arg>
</arguments>
<msg timestamp="20230307 13:33:02.715" level="INFO">Test Teardown</msg>
<status status="PASS" starttime="20230307 13:33:02.715" endtime="20230307 13:33:02.715"></status>
</kw>
<tags>
<tag>example</tag>
</tags>
<status status="PASS" starttime="20230307 13:33:02.712" endtime="20230307 13:33:02.715" critical="yes"></status>
</test>
<test id="s1-t3" name="My3rdTest">
<kw name="Log" library="BuiltIn" type="setup">
<doc>Logs the given message with the given level.</doc>
<arguments>
<arg>Test Setup</arg>
</arguments>
<msg timestamp="20230307 13:33:02.716" level="INFO">Test Setup</msg>
<status status="PASS" starttime="20230307 13:33:02.716" endtime="20230307 13:33:02.716"></status>
</kw>
<kw name="Log" library="BuiltIn">
<doc>Logs the given message with the given level.</doc>
<arguments>
<arg>3rd Test</arg>
</arguments>
<msg timestamp="20230307 13:33:02.716" level="INFO">3rd Test</msg>
<status status="PASS" starttime="20230307 13:33:02.716" endtime="20230307 13:33:02.716"></status>
</kw>
<kw name="Log" library="BuiltIn" type="teardown">
<doc>Logs the given message with the given level.</doc>
<arguments>
<arg>Test Teardown</arg>
</arguments>
<msg timestamp="20230307 13:33:02.717" level="INFO">Test Teardown</msg>
<status status="PASS" starttime="20230307 13:33:02.717" endtime="20230307 13:33:02.717"></status>
</kw>
<tags>
<tag>sanity</tag>
</tags>
<status status="PASS" starttime="20230307 13:33:02.715" endtime="20230307 13:33:02.717" critical="yes"></status>
</test>
<kw name="Log" library="BuiltIn" type="teardown">
<doc>Logs the given message with the given level.</doc>
<arguments>
<arg>Teardown</arg>
</arguments>
<msg timestamp="20230307 13:33:02.719" level="INFO">Teardown</msg>
<status status="PASS" starttime="20230307 13:33:02.719" endtime="20230307 13:33:02.719"></status>
</kw>
<status status="PASS" starttime="20230307 13:33:02.499" endtime="20230307 13:33:02.719"></status>
</suite>
<statistics>
<total>
<stat pass="3" fail="0">Critical Tests</stat>
<stat pass="3" fail="0">All Tests</stat>
</total>
<tag>
<stat pass="1" fail="0">example</stat>
<stat pass="1" fail="0">sanity</stat>
<stat pass="1" fail="0">smoke</stat>
</tag>
<suite>
<stat pass="3" fail="0" id="s1" name="testLogin">testLogin</stat>
</suite>
</statistics>
<errors>
</errors>
</robot>
